Using pre-set license
Built from '2020.2/staging' branch; Version is '2020.2.3f1 (8ff31bc5bf5b) revision 9433883'; Using compiler version '192528614'; Build Type 'Release'
OS: 'Windows 10 Home; OS build 18363.1316; Version 1909; 64bit' Language: 'de' Physical Memory: 16282 MB
BatchMode: 1, IsHumanControllingUs: 0, StartBugReporterOnCrash: 0, Is64bit: 1, IsPro: 0

 COMMAND LINE ARGUMENTS:
C:\Program Files\Unity\Hub\Editor\2020.2.3f1\Editor\Unity.exe
-adb2
-batchMode
-noUpm
-name
AssetImportWorker0
-projectPath
C:/UnityProjects/Slide Hoops ReDo
-logFile
Logs/AssetImportWorker0.log
-srvPort
57972
Successfully changed project path to: C:/UnityProjects/Slide Hoops ReDo
C:/UnityProjects/Slide Hoops ReDo
Using Asset Import Pipeline V2.
Refreshing native plugins compatible for Editor in 105.17 ms, found 3 plugins.
Preloading 0 native plugins for Editor in 0.00 ms.
Initialize engine version: 2020.2.3f1 (8ff31bc5bf5b)
[Subsystems] Discovering subsystems at path C:/Program Files/Unity/Hub/Editor/2020.2.3f1/Editor/Data/Resources/UnitySubsystems
[Subsystems] Discovering subsystems at path C:/UnityProjects/Slide Hoops ReDo/Assets
GfxDevice: creating device client; threaded=0
Direct3D:
    Version:  Direct3D 11.0 [level 11.1]
    Renderer: NVIDIA GeForce RTX 2070 with Max-Q Design (ID=0x1f10)
    Vendor:   
    VRAM:     8031 MB
    Driver:   27.21.14.6109
Shader 'Universal Render Pipeline/Particles/Lit': fallback shader 'Universal Render Pipeline/Particles/SimpleLit' not found
Initialize mono
Mono path[0] = 'C:/Program Files/Unity/Hub/Editor/2020.2.3f1/Editor/Data/Managed'
Mono path[1] = 'C:/Program Files/Unity/Hub/Editor/2020.2.3f1/Editor/Data/MonoBleedingEdge/lib/mono/unityjit'
Mono config path = 'C:/Program Files/Unity/Hub/Editor/2020.2.3f1/Editor/Data/MonoBleedingEdge/etc'
Using monoOptions --debugger-agent=transport=dt_socket,embedding=1,server=y,suspend=n,address=127.0.0.1:56976
Begin MonoManager ReloadAssembly
Registering precompiled unity dll's ...
Register platform support module: C:/Program Files/Unity/Hub/Editor/2020.2.3f1/Editor/Data/PlaybackEngines/WebGLSupport/UnityEditor.WebGL.Extensions.dll
Register platform support module: C:/Program Files/Unity/Hub/Editor/2020.2.3f1/Editor/Data/PlaybackEngines/WindowsStandaloneSupport/UnityEditor.WindowsStandalone.Extensions.dll
Registered in 0.003586 seconds.
Native extension for WindowsStandalone target not found
Native extension for WebGL target not found
Refreshing native plugins compatible for Editor in 66.77 ms, found 3 plugins.
Preloading 0 native plugins for Editor in 0.00 ms.
Invoked RoslynAnalysisRunner static constructor.
RoslynAnalysisRunner will not be running.
RoslynAnalysisRunner has terminated.
Mono: successfully reloaded assembly
- Completed reload, in  1.498 seconds
Platform modules already initialized, skipping
Registering precompiled user dll's ...
Registered in 0.004631 seconds.
Begin MonoManager ReloadAssembly
Native extension for WindowsStandalone target not found
Native extension for WebGL target not found
Refreshing native plugins compatible for Editor in 69.01 ms, found 3 plugins.
Preloading 0 native plugins for Editor in 0.00 ms.
Invoked RoslynAnalysisRunner static constructor.
RoslynAnalysisRunner will not be running.
RoslynAnalysisRunner has terminated.
Mono: successfully reloaded assembly
- Completed reload, in  1.330 seconds
Platform modules already initialized, skipping
========================================================================
Worker process is ready to serve import requests
Shader 'Universal Render Pipeline/Particles/Lit': fallback shader 'Universal Render Pipeline/Particles/SimpleLit' not found
Launched and connected shader compiler UnityShaderCompiler.exe after 0.06 seconds
Refreshing native plugins compatible for Editor in 0.55 ms, found 3 plugins.
Preloading 0 native plugins for Editor in 0.00 ms.
Unloading 2513 Unused Serialized files (Serialized files now loaded: 0)
System memory in use before: 126.9 MB.
System memory in use after: 127.1 MB.

Unloading 19 unused Assets to reduce memory usage. Loaded Objects now: 2971.
Total: 2.970600 ms (FindLiveObjects: 0.401500 ms CreateObjectMapping: 0.147900 ms MarkObjects: 2.319400 ms  DeleteObjects: 0.100100 ms)

========================================================================
Received Import Request.
  path: Assets/Material/GlowingRing.mat
  artifactKey: Guid(6e4c2d0ef02ac5e4d9eb43d7423f4c6c) Importer(815301076,1909f56bfc062723c751e8b465ee728b)
Start importing Assets/Material/GlowingRing.mat using Guid(6e4c2d0ef02ac5e4d9eb43d7423f4c6c) Importer(815301076,1909f56bfc062723c751e8b465ee728b)  -> (artifact id: '7dd987c1b39041d73bb274384a7814fc') in 0.201253 seconds
  Import took 0.206086 seconds .

========================================================================
Received Import Request.
  Time since last request: 53.026858 seconds.
  path: Assets/Material/GlowingRing.mat
  artifactKey: Guid(6e4c2d0ef02ac5e4d9eb43d7423f4c6c) Importer(815301076,1909f56bfc062723c751e8b465ee728b)
Start importing Assets/Material/GlowingRing.mat using Guid(6e4c2d0ef02ac5e4d9eb43d7423f4c6c) Importer(815301076,1909f56bfc062723c751e8b465ee728b)  -> (artifact id: 'd03c88baabf7d930409ceb635b91871b') in 0.034560 seconds
  Import took 0.042181 seconds .

========================================================================
Received Prepare
Registering precompiled user dll's ...
Registered in 0.004227 seconds.
Begin MonoManager ReloadAssembly
Native extension for WindowsStandalone target not found
Native extension for WebGL target not found
Refreshing native plugins compatible for Editor in 0.56 ms, found 3 plugins.
Preloading 0 native plugins for Editor in 0.00 ms.
Invoked RoslynAnalysisRunner static constructor.
RoslynAnalysisRunner will not be running.
RoslynAnalysisRunner has terminated.
Mono: successfully reloaded assembly
- Completed reload, in  1.166 seconds
Platform modules already initialized, skipping
Shader 'Universal Render Pipeline/Particles/Lit': fallback shader 'Universal Render Pipeline/Particles/SimpleLit' not found
Refreshing native plugins compatible for Editor in 0.58 ms, found 3 plugins.
Preloading 0 native plugins for Editor in 0.00 ms.
Unloading 2432 Unused Serialized files (Serialized files now loaded: 0)
System memory in use before: 124.6 MB.
System memory in use after: 124.8 MB.

Unloading 14 unused Assets to reduce memory usage. Loaded Objects now: 3014.
Total: 3.876800 ms (FindLiveObjects: 0.462200 ms CreateObjectMapping: 0.217300 ms MarkObjects: 3.167000 ms  DeleteObjects: 0.028800 ms)

========================================================================
Received Import Request.
  Time since last request: 35.776858 seconds.
  path: Assets/Shaders/GlowShader.shadergraph
  artifactKey: Guid(9f2427ae47b184b489b0c7d027136bfd) Importer(815301076,1909f56bfc062723c751e8b465ee728b)
Start importing Assets/Shaders/GlowShader.shadergraph using Guid(9f2427ae47b184b489b0c7d027136bfd) Importer(815301076,1909f56bfc062723c751e8b465ee728b)  -> (artifact id: '903701c43070b06b291aad2019db28b1') in 0.026205 seconds
  Import took 0.030990 seconds .

========================================================================
Received Import Request.
  Time since last request: 93.127020 seconds.
  path: Assets/Shaders/GlowShader.shadergraph
  artifactKey: Guid(9f2427ae47b184b489b0c7d027136bfd) Importer(815301076,1909f56bfc062723c751e8b465ee728b)
Start importing Assets/Shaders/GlowShader.shadergraph using Guid(9f2427ae47b184b489b0c7d027136bfd) Importer(815301076,1909f56bfc062723c751e8b465ee728b)  -> (artifact id: '6e49f43701b8c06e108d13671b163433') in 0.004310 seconds
  Import took 0.009791 seconds .

========================================================================
Received Import Request.
  Time since last request: 142.130069 seconds.
  path: Assets/UniversalRenderPipelineAsset.asset
  artifactKey: Guid(a761c9071f8ea0f4f99f8648911f02aa) Importer(815301076,1909f56bfc062723c751e8b465ee728b)
Start importing Assets/UniversalRenderPipelineAsset.asset using Guid(a761c9071f8ea0f4f99f8648911f02aa) Importer(815301076,1909f56bfc062723c751e8b465ee728b)  -> (artifact id: '7503fda8a4bc4f2c06c891abc4e25eec') in 0.392440 seconds
  Import took 0.398659 seconds .

========================================================================
Received Import Request.
  Time since last request: 0.000332 seconds.
  path: Assets/UniversalRenderPipelineAsset_Renderer.asset
  artifactKey: Guid(69064bf9b27dcd54e8fcf49c29901298) Importer(815301076,1909f56bfc062723c751e8b465ee728b)
Start importing Assets/UniversalRenderPipelineAsset_Renderer.asset using Guid(69064bf9b27dcd54e8fcf49c29901298) Importer(815301076,1909f56bfc062723c751e8b465ee728b)  -> (artifact id: '95e25304b6e08657c2023eebcbef6509') in 0.033159 seconds
  Import took 0.038299 seconds .

========================================================================
Received Prepare
Switching render pipeline 00000000000000000000000000000000 -> a761c9071f8ea0f4f99f8648911f02aa
Shader 'Universal Render Pipeline/Particles/Lit': fallback shader 'Universal Render Pipeline/Particles/SimpleLit' not found
Refreshing native plugins compatible for Editor in 6.17 ms, found 3 plugins.
Preloading 0 native plugins for Editor in 0.00 ms.
Unloading 60 Unused Serialized files (Serialized files now loaded: 0)
System memory in use before: 81.3 MB.
System memory in use after: 81.6 MB.

Unloading 12 unused Assets to reduce memory usage. Loaded Objects now: 3062.
Total: 3.536200 ms (FindLiveObjects: 0.319300 ms CreateObjectMapping: 0.142200 ms MarkObjects: 3.053900 ms  DeleteObjects: 0.019900 ms)

========================================================================
Received Import Request.
  Time since last request: 216.494659 seconds.
  path: Assets/Material/Floor.mat
  artifactKey: Guid(587df14d29fc69446a0bdc9fb6b7ee5c) Importer(815301076,1909f56bfc062723c751e8b465ee728b)
Start importing Assets/Material/Floor.mat using Guid(587df14d29fc69446a0bdc9fb6b7ee5c) Importer(815301076,1909f56bfc062723c751e8b465ee728b)  -> (artifact id: 'f73bb3502e7282ebca7c81a2527006d0') in 0.246880 seconds
  Import took 0.252035 seconds .

========================================================================
Received Import Request.
  Time since last request: 0.000267 seconds.
  path: Assets/Material/Metal.mat
  artifactKey: Guid(2a2add9ab7bbba540b3896c366c4efab) Importer(815301076,1909f56bfc062723c751e8b465ee728b)
Start importing Assets/Material/Metal.mat using Guid(2a2add9ab7bbba540b3896c366c4efab) Importer(815301076,1909f56bfc062723c751e8b465ee728b)  -> (artifact id: 'a9ed10358dea80e37620101de17b2aa6') in 0.027176 seconds
  Import took 0.033259 seconds .

========================================================================
Received Import Request.
  Time since last request: 0.000231 seconds.
  path: Assets/Material/RingRed 1.mat
  artifactKey: Guid(533eacbcb7eb1dd43ac0c8c0f9441d45) Importer(815301076,1909f56bfc062723c751e8b465ee728b)
Start importing Assets/Material/RingRed 1.mat using Guid(533eacbcb7eb1dd43ac0c8c0f9441d45) Importer(815301076,1909f56bfc062723c751e8b465ee728b)  -> (artifact id: 'd269281e5006619ef855a3afe20486c6') in 0.022382 seconds
  Import took 0.027574 seconds .

========================================================================
Received Import Request.
  Time since last request: 0.000314 seconds.
  path: Assets/Material/RingYellow.mat
  artifactKey: Guid(3f49a9095c34f8f4c93c466e64113d77) Importer(815301076,1909f56bfc062723c751e8b465ee728b)
Start importing Assets/Material/RingYellow.mat using Guid(3f49a9095c34f8f4c93c466e64113d77) Importer(815301076,1909f56bfc062723c751e8b465ee728b)  -> (artifact id: '6238ef51b0ca2cb8749d45bfbfdd117b') in 0.024731 seconds
  Import took 0.031216 seconds .

========================================================================
Received Import Request.
  Time since last request: 0.000331 seconds.
  path: Assets/Material/RingBlue.mat
  artifactKey: Guid(cb0cefa473b511f4fac5e05386ef672f) Importer(815301076,1909f56bfc062723c751e8b465ee728b)
Start importing Assets/Material/RingBlue.mat using Guid(cb0cefa473b511f4fac5e05386ef672f) Importer(815301076,1909f56bfc062723c751e8b465ee728b)  -> (artifact id: 'ad2cd2130912373ed10d6b1aafbd42ad') in 0.022576 seconds
  Import took 0.027575 seconds .

========================================================================
Received Import Request.
  Time since last request: 56.846198 seconds.
  path: Assets/Material/GlowingRing.mat
  artifactKey: Guid(6e4c2d0ef02ac5e4d9eb43d7423f4c6c) Importer(815301076,1909f56bfc062723c751e8b465ee728b)
Start importing Assets/Material/GlowingRing.mat using Guid(6e4c2d0ef02ac5e4d9eb43d7423f4c6c) Importer(815301076,1909f56bfc062723c751e8b465ee728b)  -> (artifact id: '583aaec085b9c7a3447497dbd2734778') in 0.585479 seconds
  Import took 0.592251 seconds .

========================================================================
Received Import Request.
  Time since last request: 14.619392 seconds.
  path: Assets/UniversalRenderPipelineAsset.asset
  artifactKey: Guid(a761c9071f8ea0f4f99f8648911f02aa) Importer(815301076,1909f56bfc062723c751e8b465ee728b)
Start importing Assets/UniversalRenderPipelineAsset.asset using Guid(a761c9071f8ea0f4f99f8648911f02aa) Importer(815301076,1909f56bfc062723c751e8b465ee728b)  -> (artifact id: 'c924c300a0e449ee151d34ff478f6b84') in 0.005042 seconds
  Import took 0.011103 seconds .

========================================================================
Received Import Request.
  Time since last request: 0.000325 seconds.
  path: Assets/UniversalRenderPipelineAsset_Renderer.asset
  artifactKey: Guid(69064bf9b27dcd54e8fcf49c29901298) Importer(815301076,1909f56bfc062723c751e8b465ee728b)
Start importing Assets/UniversalRenderPipelineAsset_Renderer.asset using Guid(69064bf9b27dcd54e8fcf49c29901298) Importer(815301076,1909f56bfc062723c751e8b465ee728b)  -> (artifact id: '67ebd30449e1638e5ca19dd5ed8b0c4a') in 0.010861 seconds
  Import took 0.016046 seconds .

========================================================================
Received Import Request.
  Time since last request: 41.965994 seconds.
  path: Assets/Shaders/GlowShader.shadergraph
  artifactKey: Guid(9f2427ae47b184b489b0c7d027136bfd) Importer(815301076,1909f56bfc062723c751e8b465ee728b)
Start importing Assets/Shaders/GlowShader.shadergraph using Guid(9f2427ae47b184b489b0c7d027136bfd) Importer(815301076,1909f56bfc062723c751e8b465ee728b)  -> (artifact id: '1b7b5b0f969bf7d1f695c7073c52f3fb') in 0.003965 seconds
  Import took 0.009113 seconds .

========================================================================
Received Import Request.
  Time since last request: 0.003503 seconds.
  path: Assets/Shaders/GlowShader.shadergraph
  artifactKey: Guid(9f2427ae47b184b489b0c7d027136bfd) Importer(815301076,1909f56bfc062723c751e8b465ee728b)
Start importing Assets/Shaders/GlowShader.shadergraph using Guid(9f2427ae47b184b489b0c7d027136bfd) Importer(815301076,1909f56bfc062723c751e8b465ee728b)  -> (artifact id: '1b7b5b0f969bf7d1f695c7073c52f3fb') in 0.003933 seconds
  Import took 0.009323 seconds .

========================================================================
Received Prepare
Registering precompiled user dll's ...
Registered in 0.004403 seconds.
Begin MonoManager ReloadAssembly
Native extension for WindowsStandalone target not found
Native extension for WebGL target not found
Refreshing native plugins compatible for Editor in 0.61 ms, found 3 plugins.
Preloading 0 native plugins for Editor in 0.00 ms.
Invoked RoslynAnalysisRunner static constructor.
RoslynAnalysisRunner will not be running.
RoslynAnalysisRunner has terminated.
Mono: successfully reloaded assembly
- Completed reload, in  1.252 seconds
Platform modules already initialized, skipping
Shader 'Universal Render Pipeline/Particles/Lit': fallback shader 'Universal Render Pipeline/Particles/SimpleLit' not found
Refreshing native plugins compatible for Editor in 0.59 ms, found 3 plugins.
Preloading 0 native plugins for Editor in 0.00 ms.
Unloading 2433 Unused Serialized files (Serialized files now loaded: 0)
System memory in use before: 129.9 MB.
System memory in use after: 130.1 MB.

Unloading 14 unused Assets to reduce memory usage. Loaded Objects now: 3105.
Total: 2.879700 ms (FindLiveObjects: 0.360200 ms CreateObjectMapping: 0.189700 ms MarkObjects: 2.303000 ms  DeleteObjects: 0.025100 ms)

========================================================================
Received Import Request.
  Time since last request: 120.253121 seconds.
  path: Assets/Shaders/GlowShader.shadergraph
  artifactKey: Guid(9f2427ae47b184b489b0c7d027136bfd) Importer(815301076,1909f56bfc062723c751e8b465ee728b)
Start importing Assets/Shaders/GlowShader.shadergraph using Guid(9f2427ae47b184b489b0c7d027136bfd) Importer(815301076,1909f56bfc062723c751e8b465ee728b)  -> (artifact id: '80c4f33460ad8ff64aed86184bf7f01e') in 0.028966 seconds
  Import took 0.036571 seconds .

========================================================================
Received Import Request.
  Time since last request: 10.639765 seconds.
  path: Assets/Material/Floor.mat
  artifactKey: Guid(587df14d29fc69446a0bdc9fb6b7ee5c) Importer(815301076,1909f56bfc062723c751e8b465ee728b)
Start importing Assets/Material/Floor.mat using Guid(587df14d29fc69446a0bdc9fb6b7ee5c) Importer(815301076,1909f56bfc062723c751e8b465ee728b)  -> (artifact id: '934f843748da1ce2b3152d49224f632f') in 0.206958 seconds
  Import took 0.212539 seconds .

========================================================================
Received Import Request.
  Time since last request: 28.453759 seconds.
  path: Assets/Material/GlowingRing.mat
  artifactKey: Guid(6e4c2d0ef02ac5e4d9eb43d7423f4c6c) Importer(815301076,1909f56bfc062723c751e8b465ee728b)
Start importing Assets/Material/GlowingRing.mat using Guid(6e4c2d0ef02ac5e4d9eb43d7423f4c6c) Importer(815301076,1909f56bfc062723c751e8b465ee728b)  -> (artifact id: '5c7932c408240cdcd209acdb57fd1d70') in 0.017611 seconds
  Import took 0.024798 seconds .

========================================================================
Received Import Request.
  Time since last request: 1.315735 seconds.
  path: Assets/Material/GlowingRing 1.mat
  artifactKey: Guid(7b5375936c620b840b1d3f0498350313) Importer(815301076,1909f56bfc062723c751e8b465ee728b)
Start importing Assets/Material/GlowingRing 1.mat using Guid(7b5375936c620b840b1d3f0498350313) Importer(815301076,1909f56bfc062723c751e8b465ee728b)  -> (artifact id: 'fa5ac375823847de8cd2130e2fa55714') in 0.021210 seconds
  Import took 0.026969 seconds .

========================================================================
Received Import Request.
  Time since last request: 98.287496 seconds.
  path: Assets/Material/GlowingRingBlue.mat
  artifactKey: Guid(7b5375936c620b840b1d3f0498350313) Importer(815301076,1909f56bfc062723c751e8b465ee728b)
Start importing Assets/Material/GlowingRingBlue.mat using Guid(7b5375936c620b840b1d3f0498350313) Importer(815301076,1909f56bfc062723c751e8b465ee728b)  -> (artifact id: 'ab4b07a9188931532891d9046cf29138') in 0.023050 seconds
  Import took 0.028032 seconds .

========================================================================
Received Import Request.
  Time since last request: 0.000284 seconds.
  path: Assets/Material/GlowingRingRed.mat
  artifactKey: Guid(6e4c2d0ef02ac5e4d9eb43d7423f4c6c) Importer(815301076,1909f56bfc062723c751e8b465ee728b)
Start importing Assets/Material/GlowingRingRed.mat using Guid(6e4c2d0ef02ac5e4d9eb43d7423f4c6c) Importer(815301076,1909f56bfc062723c751e8b465ee728b)  -> (artifact id: '265c959f071c3c162e1fd7b9d380421d') in 0.023324 seconds
  Import took 0.029319 seconds .

========================================================================
Received Import Request.
  Time since last request: 0.000232 seconds.
  path: Assets/Material/GlowingRingYellow.mat
  artifactKey: Guid(77d1f895059a3bc4db0ab359597d83bc) Importer(815301076,1909f56bfc062723c751e8b465ee728b)
Start importing Assets/Material/GlowingRingYellow.mat using Guid(77d1f895059a3bc4db0ab359597d83bc) Importer(815301076,1909f56bfc062723c751e8b465ee728b)  -> (artifact id: 'c6a5fb3fedc868683170bf8b98bd6c6c') in 0.024101 seconds
  Import took 0.029609 seconds .

========================================================================
Received Prepare
Registering precompiled user dll's ...
Registered in 0.004512 seconds.
Begin MonoManager ReloadAssembly
Native extension for WindowsStandalone target not found
Native extension for WebGL target not found
Refreshing native plugins compatible for Editor in 0.56 ms, found 3 plugins.
Preloading 0 native plugins for Editor in 0.00 ms.
Invoked RoslynAnalysisRunner static constructor.
RoslynAnalysisRunner will not be running.
RoslynAnalysisRunner has terminated.
Mono: successfully reloaded assembly
- Completed reload, in  1.274 seconds
Platform modules already initialized, skipping
Shader 'Universal Render Pipeline/Particles/Lit': fallback shader 'Universal Render Pipeline/Particles/SimpleLit' not found
Refreshing native plugins compatible for Editor in 0.56 ms, found 3 plugins.
Preloading 0 native plugins for Editor in 0.00 ms.
Unloading 2431 Unused Serialized files (Serialized files now loaded: 0)
System memory in use before: 130.0 MB.
System memory in use after: 130.2 MB.

Unloading 14 unused Assets to reduce memory usage. Loaded Objects now: 3143.
Total: 3.305800 ms (FindLiveObjects: 0.342000 ms CreateObjectMapping: 0.166700 ms MarkObjects: 2.768800 ms  DeleteObjects: 0.027400 ms)

========================================================================
Received Import Request.
  Time since last request: 213.906817 seconds.
  path: Assets/Material/GlowingMetal.mat
  artifactKey: Guid(dc91c2e8276ccd742a4c695415b0118b) Importer(815301076,1909f56bfc062723c751e8b465ee728b)
Start importing Assets/Material/GlowingMetal.mat using Guid(dc91c2e8276ccd742a4c695415b0118b) Importer(815301076,1909f56bfc062723c751e8b465ee728b)  -> (artifact id: 'ad25fa40cc00609f675984f544a1fe14') in 0.245686 seconds
  Import took 0.250758 seconds .

========================================================================
Received Prepare
Registering precompiled user dll's ...
Registered in 0.004300 seconds.
Begin MonoManager ReloadAssembly
Native extension for WindowsStandalone target not found
Native extension for WebGL target not found
Refreshing native plugins compatible for Editor in 0.61 ms, found 3 plugins.
Preloading 0 native plugins for Editor in 0.00 ms.
Invoked RoslynAnalysisRunner static constructor.
RoslynAnalysisRunner will not be running.
RoslynAnalysisRunner has terminated.
Mono: successfully reloaded assembly
- Completed reload, in  1.207 seconds
Platform modules already initialized, skipping
Shader 'Universal Render Pipeline/Particles/Lit': fallback shader 'Universal Render Pipeline/Particles/SimpleLit' not found
Refreshing native plugins compatible for Editor in 0.57 ms, found 3 plugins.
Preloading 0 native plugins for Editor in 0.00 ms.
Unloading 2431 Unused Serialized files (Serialized files now loaded: 0)
System memory in use before: 130.1 MB.
System memory in use after: 130.4 MB.

Unloading 14 unused Assets to reduce memory usage. Loaded Objects now: 3181.
Total: 6.115400 ms (FindLiveObjects: 0.354900 ms CreateObjectMapping: 0.204800 ms MarkObjects: 5.526200 ms  DeleteObjects: 0.027300 ms)

AssetImportWorkerClient::OnTransportError - code=2 error=End of file
