Using pre-set license
Built from '2020.2/staging' branch; Version is '2020.2.3f1 (8ff31bc5bf5b) revision 9433883'; Using compiler version '192528614'; Build Type 'Release'
OS: 'Windows 10 Home; OS build 18363.1316; Version 1909; 64bit' Language: 'de' Physical Memory: 16282 MB
BatchMode: 1, IsHumanControllingUs: 0, StartBugReporterOnCrash: 0, Is64bit: 1, IsPro: 0

 COMMAND LINE ARGUMENTS:
C:\Program Files\Unity\Hub\Editor\2020.2.3f1\Editor\Unity.exe
-adb2
-batchMode
-noUpm
-name
AssetImportWorker1
-projectPath
C:/UnityProjects/Slide Hoops ReDo
-logFile
Logs/AssetImportWorker1.log
-srvPort
63844
Successfully changed project path to: C:/UnityProjects/Slide Hoops ReDo
C:/UnityProjects/Slide Hoops ReDo
Using Asset Import Pipeline V2.
Refreshing native plugins compatible for Editor in 71.27 ms, found 3 plugins.
Preloading 0 native plugins for Editor in 0.00 ms.
Initialize engine version: 2020.2.3f1 (8ff31bc5bf5b)
[Subsystems] Discovering subsystems at path C:/Program Files/Unity/Hub/Editor/2020.2.3f1/Editor/Data/Resources/UnitySubsystems
[Subsystems] Discovering subsystems at path C:/UnityProjects/Slide Hoops ReDo/Assets
GfxDevice: creating device client; threaded=0
Direct3D:
    Version:  Direct3D 11.0 [level 11.1]
    Renderer: NVIDIA GeForce RTX 2070 with Max-Q Design (ID=0x1f10)
    Vendor:   
    VRAM:     8031 MB
    Driver:   27.21.14.6109
Shader 'Universal Render Pipeline/Particles/Lit': fallback shader 'Universal Render Pipeline/Particles/SimpleLit' not found
Initialize mono
Mono path[0] = 'C:/Program Files/Unity/Hub/Editor/2020.2.3f1/Editor/Data/Managed'
Mono path[1] = 'C:/Program Files/Unity/Hub/Editor/2020.2.3f1/Editor/Data/MonoBleedingEdge/lib/mono/unityjit'
Mono config path = 'C:/Program Files/Unity/Hub/Editor/2020.2.3f1/Editor/Data/MonoBleedingEdge/etc'
Using monoOptions --debugger-agent=transport=dt_socket,embedding=1,server=y,suspend=n,address=127.0.0.1:56748
Begin MonoManager ReloadAssembly
Registering precompiled unity dll's ...
Register platform support module: C:/Program Files/Unity/Hub/Editor/2020.2.3f1/Editor/Data/PlaybackEngines/WebGLSupport/UnityEditor.WebGL.Extensions.dll
Register platform support module: C:/Program Files/Unity/Hub/Editor/2020.2.3f1/Editor/Data/PlaybackEngines/WindowsStandaloneSupport/UnityEditor.WindowsStandalone.Extensions.dll
Registered in 0.003524 seconds.
Native extension for WindowsStandalone target not found
Native extension for WebGL target not found
Refreshing native plugins compatible for Editor in 62.82 ms, found 3 plugins.
Preloading 0 native plugins for Editor in 0.00 ms.
Invoked RoslynAnalysisRunner static constructor.
RoslynAnalysisRunner will not be running.
RoslynAnalysisRunner has terminated.
Mono: successfully reloaded assembly
- Completed reload, in  1.511 seconds
Platform modules already initialized, skipping
Registering precompiled user dll's ...
Registered in 0.005176 seconds.
Begin MonoManager ReloadAssembly
Native extension for WindowsStandalone target not found
Native extension for WebGL target not found
Refreshing native plugins compatible for Editor in 74.08 ms, found 3 plugins.
Preloading 0 native plugins for Editor in 0.00 ms.
Invoked RoslynAnalysisRunner static constructor.
RoslynAnalysisRunner will not be running.
RoslynAnalysisRunner has terminated.
Mono: successfully reloaded assembly
- Completed reload, in  3.467 seconds
Platform modules already initialized, skipping
========================================================================
Worker process is ready to serve import requests
Shader 'Universal Render Pipeline/Particles/Lit': fallback shader 'Universal Render Pipeline/Particles/SimpleLit' not found
Launched and connected shader compiler UnityShaderCompiler.exe after 0.11 seconds
Refreshing native plugins compatible for Editor in 0.91 ms, found 3 plugins.
Preloading 0 native plugins for Editor in 0.00 ms.
Unloading 2563 Unused Serialized files (Serialized files now loaded: 0)
System memory in use before: 132.4 MB.
System memory in use after: 132.6 MB.

Unloading 19 unused Assets to reduce memory usage. Loaded Objects now: 3021.
Total: 2.829100 ms (FindLiveObjects: 0.291200 ms CreateObjectMapping: 0.157900 ms MarkObjects: 2.283000 ms  DeleteObjects: 0.095900 ms)

========================================================================
Received Import Request.
  path: Assets/Material/LightCone.mat
  artifactKey: Guid(2db7032111a7cb343ade58af15b363ac) Importer(815301076,1909f56bfc062723c751e8b465ee728b)
Start importing Assets/Material/LightCone.mat using Guid(2db7032111a7cb343ade58af15b363ac) Importer(815301076,1909f56bfc062723c751e8b465ee728b)  -> (artifact id: 'd70d383e2f3716408a15a907bb493929') in 0.384274 seconds
  Import took 0.389727 seconds .

========================================================================
Received Import Request.
  Time since last request: 77.746633 seconds.
  path: Assets/Material/LightCone.mat
  artifactKey: Guid(2db7032111a7cb343ade58af15b363ac) Importer(815301076,1909f56bfc062723c751e8b465ee728b)
Start importing Assets/Material/LightCone.mat using Guid(2db7032111a7cb343ade58af15b363ac) Importer(815301076,1909f56bfc062723c751e8b465ee728b)  -> (artifact id: 'e49da0fead6360bf83d711e3d7488e22') in 0.021258 seconds
  Import took 0.026236 seconds .

========================================================================
Received Prepare
Registering precompiled user dll's ...
Registered in 0.004756 seconds.
Begin MonoManager ReloadAssembly
Native extension for WindowsStandalone target not found
Native extension for WebGL target not found
Refreshing native plugins compatible for Editor in 0.76 ms, found 3 plugins.
Preloading 0 native plugins for Editor in 0.00 ms.
Invoked RoslynAnalysisRunner static constructor.
RoslynAnalysisRunner will not be running.
RoslynAnalysisRunner has terminated.
Mono: successfully reloaded assembly
- Completed reload, in  1.533 seconds
Platform modules already initialized, skipping
Shader 'Universal Render Pipeline/Particles/Lit': fallback shader 'Universal Render Pipeline/Particles/SimpleLit' not found
Refreshing native plugins compatible for Editor in 0.67 ms, found 3 plugins.
Preloading 0 native plugins for Editor in 0.00 ms.
Unloading 2431 Unused Serialized files (Serialized files now loaded: 0)
System memory in use before: 130.3 MB.
System memory in use after: 130.5 MB.

Unloading 14 unused Assets to reduce memory usage. Loaded Objects now: 3101.
Total: 3.254500 ms (FindLiveObjects: 0.445400 ms CreateObjectMapping: 0.166200 ms MarkObjects: 2.615700 ms  DeleteObjects: 0.025300 ms)

========================================================================
Received Prepare
Registering precompiled user dll's ...
Registered in 0.006768 seconds.
Begin MonoManager ReloadAssembly
Native extension for WindowsStandalone target not found
Native extension for WebGL target not found
Refreshing native plugins compatible for Editor in 0.63 ms, found 3 plugins.
Preloading 0 native plugins for Editor in 0.00 ms.
Invoked RoslynAnalysisRunner static constructor.
RoslynAnalysisRunner will not be running.
RoslynAnalysisRunner has terminated.
Mono: successfully reloaded assembly
- Completed reload, in  1.277 seconds
Platform modules already initialized, skipping
Shader 'Universal Render Pipeline/Particles/Lit': fallback shader 'Universal Render Pipeline/Particles/SimpleLit' not found
Refreshing native plugins compatible for Editor in 0.75 ms, found 3 plugins.
Preloading 0 native plugins for Editor in 0.00 ms.
Unloading 2431 Unused Serialized files (Serialized files now loaded: 0)
System memory in use before: 130.3 MB.
System memory in use after: 130.5 MB.

Unloading 14 unused Assets to reduce memory usage. Loaded Objects now: 3103.
Total: 3.538600 ms (FindLiveObjects: 0.388500 ms CreateObjectMapping: 0.177100 ms MarkObjects: 2.945100 ms  DeleteObjects: 0.026300 ms)

========================================================================
Received Import Request.
  Time since last request: 1274.247631 seconds.
  path: Assets/Models/donut.obj
  artifactKey: Guid(1624dc7d9467d1d46a07e74dc7dad291) Importer(815301076,1909f56bfc062723c751e8b465ee728b)
Start importing Assets/Models/donut.obj using Guid(1624dc7d9467d1d46a07e74dc7dad291) Importer(815301076,1909f56bfc062723c751e8b465ee728b)  -> (artifact id: '4279ed2cbcc26eb5e3b119164e7113d9') in 0.332513 seconds
  Import took 0.338169 seconds .

========================================================================
Received Import Request.
  Time since last request: 0.000325 seconds.
  path: Assets/Models/level1.blend
  artifactKey: Guid(7f19ae4c686709844afe01a0ef2a9577) Importer(815301076,1909f56bfc062723c751e8b465ee728b)
Start importing Assets/Models/level1.blend using Guid(7f19ae4c686709844afe01a0ef2a9577) Importer(815301076,1909f56bfc062723c751e8b465ee728b)  -> (artifact id: '7886b64092dfdba6269df588dfcc614c') in 0.508992 seconds
  Import took 0.515954 seconds .

========================================================================
Received Import Request.
  Time since last request: 0.000300 seconds.
  path: Assets/Models/floor.blend
  artifactKey: Guid(93111d12e3366bb44ae7f5f25f53950a) Importer(815301076,1909f56bfc062723c751e8b465ee728b)
Start importing Assets/Models/floor.blend using Guid(93111d12e3366bb44ae7f5f25f53950a) Importer(815301076,1909f56bfc062723c751e8b465ee728b)  -> (artifact id: '343530d77cd2cfafd39b4f669267a0ee') in 0.038223 seconds
  Import took 0.043189 seconds .

========================================================================
Received Import Request.
  Time since last request: 4.478705 seconds.
  path: Assets/Shaders/LightingGoal.shadergraph
  artifactKey: Guid(d5af88f22a5c55645bb8efbc935fb9a0) Importer(815301076,1909f56bfc062723c751e8b465ee728b)
Start importing Assets/Shaders/LightingGoal.shadergraph using Guid(d5af88f22a5c55645bb8efbc935fb9a0) Importer(815301076,1909f56bfc062723c751e8b465ee728b)  -> (artifact id: '36194cd7294e2a5216c9681b1e89d0b9') in 0.014321 seconds
  Import took 0.020325 seconds .

========================================================================
Received Import Request.
  Time since last request: 5.092001 seconds.
  path: Assets/Objects/Particles.prefab
  artifactKey: Guid(57b592b075c41a144a435fd463c34e33) Importer(815301076,1909f56bfc062723c751e8b465ee728b)
Start importing Assets/Objects/Particles.prefab using Guid(57b592b075c41a144a435fd463c34e33) Importer(815301076,1909f56bfc062723c751e8b465ee728b)  -> (artifact id: '2f547dd6c8df268e4a5789572e022f10') in 0.023216 seconds
  Import took 0.028650 seconds .

========================================================================
Received Import Request.
  Time since last request: 0.000354 seconds.
  path: Assets/Objects/Ring Variant.prefab
  artifactKey: Guid(f92748b4c0cfeed4cb707474e30553a9) Importer(815301076,1909f56bfc062723c751e8b465ee728b)
Start importing Assets/Objects/Ring Variant.prefab using Guid(f92748b4c0cfeed4cb707474e30553a9) Importer(815301076,1909f56bfc062723c751e8b465ee728b)  -> (artifact id: 'c9632ff65031c99381463823a71c007f') in 0.023113 seconds
  Import took 0.028528 seconds .

========================================================================
Received Import Request.
  Time since last request: 124.607348 seconds.
  path: Assets/Models/floor.blend
  artifactKey: Guid(93111d12e3366bb44ae7f5f25f53950a) Importer(815301076,1909f56bfc062723c751e8b465ee728b)
Start importing Assets/Models/floor.blend using Guid(93111d12e3366bb44ae7f5f25f53950a) Importer(815301076,1909f56bfc062723c751e8b465ee728b)  -> (artifact id: '3ba8229b8e15fbf83178435e2e31110a') in 0.032081 seconds
  Import took 0.037795 seconds .

========================================================================
Received Import Request.
  Time since last request: 930.358524 seconds.
  path: Assets/Models/floor.blend
  artifactKey: Guid(93111d12e3366bb44ae7f5f25f53950a) Importer(815301076,1909f56bfc062723c751e8b465ee728b)
Start importing Assets/Models/floor.blend using Guid(93111d12e3366bb44ae7f5f25f53950a) Importer(815301076,1909f56bfc062723c751e8b465ee728b)  -> (artifact id: 'ec22f1f972c41c81cdc30fa8fbb4e200') in 0.030159 seconds
  Import took 0.036619 seconds .

========================================================================
Received Prepare
Registering precompiled user dll's ...
Registered in 0.004532 seconds.
Begin MonoManager ReloadAssembly
Native extension for WindowsStandalone target not found
Native extension for WebGL target not found
Refreshing native plugins compatible for Editor in 0.61 ms, found 3 plugins.
Preloading 0 native plugins for Editor in 0.00 ms.
Invoked RoslynAnalysisRunner static constructor.
RoslynAnalysisRunner will not be running.
RoslynAnalysisRunner has terminated.
Mono: successfully reloaded assembly
- Completed reload, in  1.248 seconds
Platform modules already initialized, skipping
Shader 'Universal Render Pipeline/Particles/Lit': fallback shader 'Universal Render Pipeline/Particles/SimpleLit' not found
Refreshing native plugins compatible for Editor in 0.61 ms, found 3 plugins.
Preloading 0 native plugins for Editor in 0.00 ms.
Unloading 2431 Unused Serialized files (Serialized files now loaded: 0)
System memory in use before: 130.8 MB.
System memory in use after: 131.0 MB.

Unloading 14 unused Assets to reduce memory usage. Loaded Objects now: 3145.
Total: 3.735200 ms (FindLiveObjects: 0.471900 ms CreateObjectMapping: 0.216400 ms MarkObjects: 3.019100 ms  DeleteObjects: 0.026200 ms)

========================================================================
Received Import Request.
  Time since last request: 58.006203 seconds.
  path: Assets/Models/floor.blend
  artifactKey: Guid(93111d12e3366bb44ae7f5f25f53950a) Importer(815301076,1909f56bfc062723c751e8b465ee728b)
Start importing Assets/Models/floor.blend using Guid(93111d12e3366bb44ae7f5f25f53950a) Importer(815301076,1909f56bfc062723c751e8b465ee728b)  -> (artifact id: 'a1c25b120f34cd27b8b1b8ac7000ac2c') in 0.255771 seconds
  Import took 0.261163 seconds .

========================================================================
Received Prepare
Registering precompiled user dll's ...
Registered in 0.004188 seconds.
Begin MonoManager ReloadAssembly
Native extension for WindowsStandalone target not found
Native extension for WebGL target not found
Refreshing native plugins compatible for Editor in 0.58 ms, found 3 plugins.
Preloading 0 native plugins for Editor in 0.00 ms.
Invoked RoslynAnalysisRunner static constructor.
RoslynAnalysisRunner will not be running.
RoslynAnalysisRunner has terminated.
Mono: successfully reloaded assembly
- Completed reload, in  1.278 seconds
Platform modules already initialized, skipping
Shader 'Universal Render Pipeline/Particles/Lit': fallback shader 'Universal Render Pipeline/Particles/SimpleLit' not found
Refreshing native plugins compatible for Editor in 0.54 ms, found 3 plugins.
Preloading 0 native plugins for Editor in 0.00 ms.
Unloading 2431 Unused Serialized files (Serialized files now loaded: 0)
System memory in use before: 130.9 MB.
System memory in use after: 131.2 MB.

Unloading 14 unused Assets to reduce memory usage. Loaded Objects now: 3183.
Total: 2.933800 ms (FindLiveObjects: 0.325400 ms CreateObjectMapping: 0.157500 ms MarkObjects: 2.424200 ms  DeleteObjects: 0.025500 ms)

========================================================================
Received Import Request.
  Time since last request: 397.287428 seconds.
  path: Assets/Scripts/Reload.cs
  artifactKey: Guid(98c51eab7ca38b64ea0f41ec0bb61c8b) Importer(815301076,1909f56bfc062723c751e8b465ee728b)
Start importing Assets/Scripts/Reload.cs using Guid(98c51eab7ca38b64ea0f41ec0bb61c8b) Importer(815301076,1909f56bfc062723c751e8b465ee728b)  -> (artifact id: 'fc7596929f671e3db7d6073ce0b5ef40') in 0.019460 seconds
  Import took 0.025688 seconds .

========================================================================
Received Import Request.
  Time since last request: 0.609167 seconds.
  path: Assets/Scripts/RingScript.cs
  artifactKey: Guid(63105992d86d13541b862e8629a052f1) Importer(815301076,1909f56bfc062723c751e8b465ee728b)
Start importing Assets/Scripts/RingScript.cs using Guid(63105992d86d13541b862e8629a052f1) Importer(815301076,1909f56bfc062723c751e8b465ee728b)  -> (artifact id: '3de93361a6dedc329f18f194ce5e047a') in 0.008353 seconds
  Import took 0.013504 seconds .

========================================================================
Received Import Request.
  Time since last request: 0.023785 seconds.
  path: Assets/Scripts/RingScript.cs
  artifactKey: Guid(63105992d86d13541b862e8629a052f1) Importer(815301076,1909f56bfc062723c751e8b465ee728b)
Start importing Assets/Scripts/RingScript.cs using Guid(63105992d86d13541b862e8629a052f1) Importer(815301076,1909f56bfc062723c751e8b465ee728b)  -> (artifact id: '3de93361a6dedc329f18f194ce5e047a') in 0.003842 seconds
  Import took 0.008878 seconds .

========================================================================
Received Import Request.
  Time since last request: 10.657634 seconds.
  path: Assets/Scripts/TurnAround.cs
  artifactKey: Guid(198b3f615a9ee7340a2d3090f4a36e2a) Importer(815301076,1909f56bfc062723c751e8b465ee728b)
Start importing Assets/Scripts/TurnAround.cs using Guid(198b3f615a9ee7340a2d3090f4a36e2a) Importer(815301076,1909f56bfc062723c751e8b465ee728b)  -> (artifact id: 'ca7345e104161039ff6ee643f1463de3') in 0.009591 seconds
  Import took 0.015045 seconds .

========================================================================
Received Import Request.
  Time since last request: 8.204119 seconds.
  path: Assets/Scripts/Bounce.cs
  artifactKey: Guid(f54d1ac247434ea47b9abbdb93511ceb) Importer(815301076,1909f56bfc062723c751e8b465ee728b)
Start importing Assets/Scripts/Bounce.cs using Guid(f54d1ac247434ea47b9abbdb93511ceb) Importer(815301076,1909f56bfc062723c751e8b465ee728b)  -> (artifact id: '397815cf9b64830dd988edccb2a94ec5') in 0.009284 seconds
  Import took 0.014406 seconds .

========================================================================
Received Import Request.
  Time since last request: 14.081150 seconds.
  path: Assets/Scripts/LoadScene.cs
  artifactKey: Guid(cdc4d061e268d6544973aa4f34a5cba9) Importer(815301076,1909f56bfc062723c751e8b465ee728b)
Start importing Assets/Scripts/LoadScene.cs using Guid(cdc4d061e268d6544973aa4f34a5cba9) Importer(815301076,1909f56bfc062723c751e8b465ee728b)  -> (artifact id: '293be923c2828bdea53dc436216b0494') in 0.008880 seconds
  Import took 0.014487 seconds .

========================================================================
Received Prepare
Registering precompiled user dll's ...
Registered in 0.005819 seconds.
Begin MonoManager ReloadAssembly
Native extension for WindowsStandalone target not found
Native extension for WebGL target not found
Refreshing native plugins compatible for Editor in 0.70 ms, found 3 plugins.
Preloading 0 native plugins for Editor in 0.00 ms.
Invoked RoslynAnalysisRunner static constructor.
RoslynAnalysisRunner will not be running.
RoslynAnalysisRunner has terminated.
Mono: successfully reloaded assembly
- Completed reload, in  1.737 seconds
Platform modules already initialized, skipping
Shader 'Universal Render Pipeline/Particles/Lit': fallback shader 'Universal Render Pipeline/Particles/SimpleLit' not found
Refreshing native plugins compatible for Editor in 0.69 ms, found 3 plugins.
Preloading 0 native plugins for Editor in 0.00 ms.
Unloading 2431 Unused Serialized files (Serialized files now loaded: 0)
System memory in use before: 130.9 MB.
System memory in use after: 131.1 MB.

Unloading 14 unused Assets to reduce memory usage. Loaded Objects now: 3185.
Total: 5.036300 ms (FindLiveObjects: 0.709100 ms CreateObjectMapping: 0.475500 ms MarkObjects: 3.820500 ms  DeleteObjects: 0.029400 ms)

========================================================================
Received Prepare
Registering precompiled user dll's ...
Registered in 0.004414 seconds.
Begin MonoManager ReloadAssembly
Native extension for WindowsStandalone target not found
Native extension for WebGL target not found
Refreshing native plugins compatible for Editor in 0.57 ms, found 3 plugins.
Preloading 0 native plugins for Editor in 0.00 ms.
Invoked RoslynAnalysisRunner static constructor.
RoslynAnalysisRunner will not be running.
RoslynAnalysisRunner has terminated.
Mono: successfully reloaded assembly
- Completed reload, in  1.357 seconds
Platform modules already initialized, skipping
Shader 'Universal Render Pipeline/Particles/Lit': fallback shader 'Universal Render Pipeline/Particles/SimpleLit' not found
Refreshing native plugins compatible for Editor in 0.57 ms, found 3 plugins.
Preloading 0 native plugins for Editor in 0.00 ms.
Unloading 2431 Unused Serialized files (Serialized files now loaded: 0)
System memory in use before: 131.0 MB.
System memory in use after: 131.2 MB.

Unloading 14 unused Assets to reduce memory usage. Loaded Objects now: 3187.
Total: 3.002300 ms (FindLiveObjects: 0.386100 ms CreateObjectMapping: 0.152000 ms MarkObjects: 2.435700 ms  DeleteObjects: 0.027100 ms)

========================================================================
Received Import Request.
  Time since last request: 93.768466 seconds.
  path: Assets/Models/floor.blend1
  artifactKey: Guid(32302af79cc87ea43ae05f19f7d13ef7) Importer(815301076,1909f56bfc062723c751e8b465ee728b)
Start importing Assets/Models/floor.blend1 using Guid(32302af79cc87ea43ae05f19f7d13ef7) Importer(815301076,1909f56bfc062723c751e8b465ee728b)  -> (artifact id: '69f5ef98794641c53b914c2066a6f278') in 0.028047 seconds
  Import took 0.033206 seconds .

========================================================================
Received Import Request.
  Time since last request: 21.228931 seconds.
  path: Assets/Font/Font Awesome 5 Free-Solid-900 SDF.asset
  artifactKey: Guid(e4cc158d4e0a72342ab5a3ebf37601d1) Importer(815301076,1909f56bfc062723c751e8b465ee728b)
Start importing Assets/Font/Font Awesome 5 Free-Solid-900 SDF.asset using Guid(e4cc158d4e0a72342ab5a3ebf37601d1) Importer(815301076,1909f56bfc062723c751e8b465ee728b)  -> (artifact id: 'b2ebc6d885a6d2cd034e1e57be5d64f1') in 0.295879 seconds
  Import took 0.301121 seconds .

========================================================================
Received Import Request.
  Time since last request: 66.497244 seconds.
  path: Assets/Objects/Particles.prefab
  artifactKey: Guid(57b592b075c41a144a435fd463c34e33) Importer(815301076,1909f56bfc062723c751e8b465ee728b)
Start importing Assets/Objects/Particles.prefab using Guid(57b592b075c41a144a435fd463c34e33) Importer(815301076,1909f56bfc062723c751e8b465ee728b)  -> (artifact id: 'be6ba7c5a61c6c812890209ea1a47bfd') in 0.022070 seconds
  Import took 0.027576 seconds .

========================================================================
Received Import Request.
  Time since last request: 2.616244 seconds.
  path: Assets/Objects/Particles.prefab
  artifactKey: Guid(57b592b075c41a144a435fd463c34e33) Importer(815301076,1909f56bfc062723c751e8b465ee728b)
Start importing Assets/Objects/Particles.prefab using Guid(57b592b075c41a144a435fd463c34e33) Importer(815301076,1909f56bfc062723c751e8b465ee728b)  -> (artifact id: '24684afeaf95bbbcebafcac5ac4138d4') in 0.007723 seconds
  Import took 0.014851 seconds .

========================================================================
Received Prepare
Registering precompiled user dll's ...
Registered in 0.004528 seconds.
Begin MonoManager ReloadAssembly
Native extension for WindowsStandalone target not found
Native extension for WebGL target not found
Refreshing native plugins compatible for Editor in 0.61 ms, found 3 plugins.
Preloading 0 native plugins for Editor in 0.00 ms.
Invoked RoslynAnalysisRunner static constructor.
RoslynAnalysisRunner will not be running.
RoslynAnalysisRunner has terminated.
Mono: successfully reloaded assembly
- Completed reload, in  1.312 seconds
Platform modules already initialized, skipping
Shader 'Universal Render Pipeline/Particles/Lit': fallback shader 'Universal Render Pipeline/Particles/SimpleLit' not found
Refreshing native plugins compatible for Editor in 0.57 ms, found 3 plugins.
Preloading 0 native plugins for Editor in 0.00 ms.
Unloading 2431 Unused Serialized files (Serialized files now loaded: 0)
System memory in use before: 131.7 MB.
System memory in use after: 132.0 MB.

Unloading 14 unused Assets to reduce memory usage. Loaded Objects now: 3227.
Total: 3.000800 ms (FindLiveObjects: 0.389600 ms CreateObjectMapping: 0.159800 ms MarkObjects: 2.423300 ms  DeleteObjects: 0.026800 ms)

========================================================================
Received Import Request.
  Time since last request: 30.631303 seconds.
  path: Assets/Objects/Particles.prefab
  artifactKey: Guid(57b592b075c41a144a435fd463c34e33) Importer(815301076,1909f56bfc062723c751e8b465ee728b)
Start importing Assets/Objects/Particles.prefab using Guid(57b592b075c41a144a435fd463c34e33) Importer(815301076,1909f56bfc062723c751e8b465ee728b)  -> (artifact id: '031c8b3eaf5f68684ebb1bfd0837c85d') in 0.040443 seconds
  Import took 0.047633 seconds .

========================================================================
Received Import Request.
  Time since last request: 1.926871 seconds.
  path: Assets/Objects/Particles.prefab
  artifactKey: Guid(57b592b075c41a144a435fd463c34e33) Importer(815301076,1909f56bfc062723c751e8b465ee728b)
Start importing Assets/Objects/Particles.prefab using Guid(57b592b075c41a144a435fd463c34e33) Importer(815301076,1909f56bfc062723c751e8b465ee728b)  -> (artifact id: '88429865ba193b05e8048becd8bfb4af') in 0.006711 seconds
  Import took 0.012681 seconds .

========================================================================
Received Prepare
Registering precompiled user dll's ...
Registered in 0.004857 seconds.
Begin MonoManager ReloadAssembly
Native extension for WindowsStandalone target not found
Native extension for WebGL target not found
Refreshing native plugins compatible for Editor in 0.61 ms, found 3 plugins.
Preloading 0 native plugins for Editor in 0.00 ms.
Invoked RoslynAnalysisRunner static constructor.
RoslynAnalysisRunner will not be running.
RoslynAnalysisRunner has terminated.
Mono: successfully reloaded assembly
- Completed reload, in  1.305 seconds
Platform modules already initialized, skipping
Shader 'Universal Render Pipeline/Particles/Lit': fallback shader 'Universal Render Pipeline/Particles/SimpleLit' not found
Refreshing native plugins compatible for Editor in 0.93 ms, found 3 plugins.
Preloading 0 native plugins for Editor in 0.00 ms.
Unloading 2431 Unused Serialized files (Serialized files now loaded: 0)
System memory in use before: 131.8 MB.
System memory in use after: 132.0 MB.

Unloading 14 unused Assets to reduce memory usage. Loaded Objects now: 3229.
Total: 3.038200 ms (FindLiveObjects: 0.334100 ms CreateObjectMapping: 0.159700 ms MarkObjects: 2.516100 ms  DeleteObjects: 0.026800 ms)

========================================================================
Received Import Request.
  Time since last request: 31.221124 seconds.
  path: Assets/Objects/Particles.prefab
  artifactKey: Guid(57b592b075c41a144a435fd463c34e33) Importer(815301076,1909f56bfc062723c751e8b465ee728b)
Start importing Assets/Objects/Particles.prefab using Guid(57b592b075c41a144a435fd463c34e33) Importer(815301076,1909f56bfc062723c751e8b465ee728b)  -> (artifact id: 'ac93eaec06cd6daf91e9a4def7e0221b') in 0.042539 seconds
  Import took 0.048821 seconds .

========================================================================
Received Import Request.
  Time since last request: 1.215383 seconds.
  path: Assets/Objects/Particles.prefab
  artifactKey: Guid(57b592b075c41a144a435fd463c34e33) Importer(815301076,1909f56bfc062723c751e8b465ee728b)
Start importing Assets/Objects/Particles.prefab using Guid(57b592b075c41a144a435fd463c34e33) Importer(815301076,1909f56bfc062723c751e8b465ee728b)  -> (artifact id: '2186664e074039a51d97574de61bf89c') in 0.006663 seconds
  Import took 0.012320 seconds .

========================================================================
Received Prepare
Registering precompiled user dll's ...
Registered in 0.005838 seconds.
Begin MonoManager ReloadAssembly
Native extension for WindowsStandalone target not found
Native extension for WebGL target not found
Refreshing native plugins compatible for Editor in 0.75 ms, found 3 plugins.
Preloading 0 native plugins for Editor in 0.00 ms.
Invoked RoslynAnalysisRunner static constructor.
RoslynAnalysisRunner will not be running.
RoslynAnalysisRunner has terminated.
Mono: successfully reloaded assembly
- Completed reload, in  1.399 seconds
Platform modules already initialized, skipping
Shader 'Universal Render Pipeline/Particles/Lit': fallback shader 'Universal Render Pipeline/Particles/SimpleLit' not found
Refreshing native plugins compatible for Editor in 0.59 ms, found 3 plugins.
Preloading 0 native plugins for Editor in 0.00 ms.
Unloading 2431 Unused Serialized files (Serialized files now loaded: 0)
System memory in use before: 131.8 MB.
System memory in use after: 132.0 MB.

Unloading 14 unused Assets to reduce memory usage. Loaded Objects now: 3231.
Total: 2.874300 ms (FindLiveObjects: 0.349300 ms CreateObjectMapping: 0.170600 ms MarkObjects: 2.315400 ms  DeleteObjects: 0.037600 ms)

========================================================================
Received Import Request.
  Time since last request: 28.658033 seconds.
  path: Assets/Objects/Particles.prefab
  artifactKey: Guid(57b592b075c41a144a435fd463c34e33) Importer(815301076,1909f56bfc062723c751e8b465ee728b)
Start importing Assets/Objects/Particles.prefab using Guid(57b592b075c41a144a435fd463c34e33) Importer(815301076,1909f56bfc062723c751e8b465ee728b)  -> (artifact id: '3e8e6aa529201baa1934b2e206ea4663') in 0.040107 seconds
  Import took 0.045540 seconds .

========================================================================
Received Import Request.
  Time since last request: 144.935624 seconds.
  path: Assets/Scenes/Menu.unity
  artifactKey: Guid(bc38973f9ec52c144a9af460d9c3248d) Importer(815301076,1909f56bfc062723c751e8b465ee728b)
Start importing Assets/Scenes/Menu.unity using Guid(bc38973f9ec52c144a9af460d9c3248d) Importer(815301076,1909f56bfc062723c751e8b465ee728b)  -> (artifact id: '53d8d09b05d526d3a9c59b7970156904') in 0.011362 seconds
  Import took 0.018086 seconds .

========================================================================
Received Import Request.
  Time since last request: 2.593572 seconds.
  path: Assets/Scenes/RingGame.unity
  artifactKey: Guid(9fc0d4010bbf28b4594072e72b8655ab) Importer(815301076,1909f56bfc062723c751e8b465ee728b)
Start importing Assets/Scenes/RingGame.unity using Guid(9fc0d4010bbf28b4594072e72b8655ab) Importer(815301076,1909f56bfc062723c751e8b465ee728b)  -> (artifact id: 'd8105cde75f35f706817ccbed27de09b') in 0.009267 seconds
  Import took 0.015276 seconds .

========================================================================
Received Import Request.
  Time since last request: 3.635055 seconds.
  path: Assets/Shaders/HolePrepare.shader
  artifactKey: Guid(2c3efcd31e4418a4784ac5f7784ee5b6) Importer(815301076,1909f56bfc062723c751e8b465ee728b)
Start importing Assets/Shaders/HolePrepare.shader using Guid(2c3efcd31e4418a4784ac5f7784ee5b6) Importer(815301076,1909f56bfc062723c751e8b465ee728b)  -> (artifact id: 'a2d5517e1663b2686321b4054a1abf27') in 0.012901 seconds
  Import took 0.017850 seconds .

========================================================================
Received Import Request.
  Time since last request: 1.266035 seconds.
  path: Assets/Shaders/Hole.shader
  artifactKey: Guid(65fa2422ee62eab4b9a6abdb36124534) Importer(815301076,1909f56bfc062723c751e8b465ee728b)
Start importing Assets/Shaders/Hole.shader using Guid(65fa2422ee62eab4b9a6abdb36124534) Importer(815301076,1909f56bfc062723c751e8b465ee728b)  -> (artifact id: 'c0f5d744f7ae50a7e2ed2aefb4d801e2') in 0.008953 seconds
  Import took 0.014182 seconds .

========================================================================
Received Import Request.
  Time since last request: 0.089109 seconds.
  path: Assets/Shaders/Hole.shader
  artifactKey: Guid(65fa2422ee62eab4b9a6abdb36124534) Importer(815301076,1909f56bfc062723c751e8b465ee728b)
Start importing Assets/Shaders/Hole.shader using Guid(65fa2422ee62eab4b9a6abdb36124534) Importer(815301076,1909f56bfc062723c751e8b465ee728b)  -> (artifact id: 'c0f5d744f7ae50a7e2ed2aefb4d801e2') in 0.004290 seconds
  Import took 0.009551 seconds .

========================================================================
Received Prepare
Registering precompiled user dll's ...
Registered in 0.004520 seconds.
Begin MonoManager ReloadAssembly
Native extension for WindowsStandalone target not found
Native extension for WebGL target not found
Refreshing native plugins compatible for Editor in 0.60 ms, found 3 plugins.
Preloading 0 native plugins for Editor in 0.00 ms.
Invoked RoslynAnalysisRunner static constructor.
RoslynAnalysisRunner will not be running.
RoslynAnalysisRunner has terminated.
Mono: successfully reloaded assembly
- Completed reload, in  1.295 seconds
Platform modules already initialized, skipping
Shader 'Universal Render Pipeline/Particles/Lit': fallback shader 'Universal Render Pipeline/Particles/SimpleLit' not found
Refreshing native plugins compatible for Editor in 0.91 ms, found 3 plugins.
Preloading 0 native plugins for Editor in 0.00 ms.
Unloading 2431 Unused Serialized files (Serialized files now loaded: 0)
System memory in use before: 131.7 MB.
System memory in use after: 131.9 MB.

Unloading 14 unused Assets to reduce memory usage. Loaded Objects now: 3233.
Total: 3.289100 ms (FindLiveObjects: 0.566700 ms CreateObjectMapping: 0.221800 ms MarkObjects: 2.471200 ms  DeleteObjects: 0.028000 ms)

========================================================================
Received Prepare
Registering precompiled user dll's ...
Registered in 0.005093 seconds.
Begin MonoManager ReloadAssembly
Native extension for WindowsStandalone target not found
Native extension for WebGL target not found
Refreshing native plugins compatible for Editor in 0.58 ms, found 3 plugins.
Preloading 0 native plugins for Editor in 0.00 ms.
Invoked RoslynAnalysisRunner static constructor.
RoslynAnalysisRunner will not be running.
RoslynAnalysisRunner has terminated.
Mono: successfully reloaded assembly
- Completed reload, in  1.343 seconds
Platform modules already initialized, skipping
Shader 'Universal Render Pipeline/Particles/Lit': fallback shader 'Universal Render Pipeline/Particles/SimpleLit' not found
Refreshing native plugins compatible for Editor in 0.54 ms, found 3 plugins.
Preloading 0 native plugins for Editor in 0.00 ms.
Unloading 2431 Unused Serialized files (Serialized files now loaded: 0)
System memory in use before: 131.8 MB.
System memory in use after: 132.0 MB.

Unloading 14 unused Assets to reduce memory usage. Loaded Objects now: 3235.
Total: 4.034400 ms (FindLiveObjects: 0.405300 ms CreateObjectMapping: 0.265500 ms MarkObjects: 3.336800 ms  DeleteObjects: 0.025400 ms)

========================================================================
Received Prepare
Registering precompiled user dll's ...
Registered in 0.004551 seconds.
Begin MonoManager ReloadAssembly
Native extension for WindowsStandalone target not found
Native extension for WebGL target not found
Refreshing native plugins compatible for Editor in 0.56 ms, found 3 plugins.
Preloading 0 native plugins for Editor in 0.00 ms.
Invoked RoslynAnalysisRunner static constructor.
RoslynAnalysisRunner will not be running.
RoslynAnalysisRunner has terminated.
Mono: successfully reloaded assembly
- Completed reload, in  1.209 seconds
Platform modules already initialized, skipping
Shader 'Universal Render Pipeline/Particles/Lit': fallback shader 'Universal Render Pipeline/Particles/SimpleLit' not found
Refreshing native plugins compatible for Editor in 0.55 ms, found 3 plugins.
Preloading 0 native plugins for Editor in 0.00 ms.
Unloading 2431 Unused Serialized files (Serialized files now loaded: 0)
System memory in use before: 131.8 MB.
System memory in use after: 132.0 MB.

Unloading 14 unused Assets to reduce memory usage. Loaded Objects now: 3237.
Total: 2.911700 ms (FindLiveObjects: 0.337500 ms CreateObjectMapping: 0.154800 ms MarkObjects: 2.391700 ms  DeleteObjects: 0.026500 ms)

========================================================================
Received Import Request.
  Time since last request: 1033.720819 seconds.
  path: Assets/UniversalRenderPipelineAsset.asset
  artifactKey: Guid(a761c9071f8ea0f4f99f8648911f02aa) Importer(815301076,1909f56bfc062723c751e8b465ee728b)
Start importing Assets/UniversalRenderPipelineAsset.asset using Guid(a761c9071f8ea0f4f99f8648911f02aa) Importer(815301076,1909f56bfc062723c751e8b465ee728b)  -> (artifact id: '593758a3ce07c198f306e50448c89b6b') in 0.015742 seconds
  Import took 0.020804 seconds .

========================================================================
Received Prepare
Registering precompiled user dll's ...
Registered in 0.005810 seconds.
Begin MonoManager ReloadAssembly
Native extension for WindowsStandalone target not found
Native extension for WebGL target not found
Refreshing native plugins compatible for Editor in 0.61 ms, found 3 plugins.
Preloading 0 native plugins for Editor in 0.00 ms.
Invoked RoslynAnalysisRunner static constructor.
RoslynAnalysisRunner will not be running.
RoslynAnalysisRunner has terminated.
Mono: successfully reloaded assembly
- Completed reload, in  1.459 seconds
Platform modules already initialized, skipping
Shader 'Universal Render Pipeline/Particles/Lit': fallback shader 'Universal Render Pipeline/Particles/SimpleLit' not found
Refreshing native plugins compatible for Editor in 0.63 ms, found 3 plugins.
Preloading 0 native plugins for Editor in 0.00 ms.
Unloading 2432 Unused Serialized files (Serialized files now loaded: 0)
System memory in use before: 131.8 MB.
System memory in use after: 132.0 MB.

Unloading 14 unused Assets to reduce memory usage. Loaded Objects now: 3240.
Total: 2.814700 ms (FindLiveObjects: 0.312100 ms CreateObjectMapping: 0.146500 ms MarkObjects: 2.331100 ms  DeleteObjects: 0.023900 ms)

========================================================================
Received Import Request.
  Time since last request: 352.457452 seconds.
  path: Assets/Logo.PNG
  artifactKey: Guid(1a7f2e43001601648994abdc6e2b51e9) Importer(815301076,1909f56bfc062723c751e8b465ee728b)
Start importing Assets/Logo.PNG using Guid(1a7f2e43001601648994abdc6e2b51e9) Importer(815301076,1909f56bfc062723c751e8b465ee728b)  -> (artifact id: '8631b8cb262863f3170f6baf8ec234d1') in 0.091807 seconds
  Import took 0.097280 seconds .

========================================================================
Received Import Request.
  Time since last request: 28.659918 seconds.
  path: Assets/Material/Floor.mat
  artifactKey: Guid(587df14d29fc69446a0bdc9fb6b7ee5c) Importer(815301076,1909f56bfc062723c751e8b465ee728b)
Start importing Assets/Material/Floor.mat using Guid(587df14d29fc69446a0bdc9fb6b7ee5c) Importer(815301076,1909f56bfc062723c751e8b465ee728b)  -> (artifact id: '84e7f00c94ebc5853ffb555fb1d0e37a') in 0.198273 seconds
  Import took 0.203826 seconds .

========================================================================
Received Import Request.
  Time since last request: 0.000272 seconds.
  path: Assets/Material/GlowingRingRed.mat
  artifactKey: Guid(6e4c2d0ef02ac5e4d9eb43d7423f4c6c) Importer(815301076,1909f56bfc062723c751e8b465ee728b)
Start importing Assets/Material/GlowingRingRed.mat using Guid(6e4c2d0ef02ac5e4d9eb43d7423f4c6c) Importer(815301076,1909f56bfc062723c751e8b465ee728b)  -> (artifact id: '2d2c58d1d2baf377d825b5bbb150d939') in 0.033500 seconds
  Import took 0.038448 seconds .

========================================================================
Received Import Request.
  Time since last request: 0.000285 seconds.
  path: Assets/Material/GlowingRingBlue.mat
  artifactKey: Guid(7b5375936c620b840b1d3f0498350313) Importer(815301076,1909f56bfc062723c751e8b465ee728b)
Start importing Assets/Material/GlowingRingBlue.mat using Guid(7b5375936c620b840b1d3f0498350313) Importer(815301076,1909f56bfc062723c751e8b465ee728b)  -> (artifact id: '80f2ef220a02889a91dea617276c393f') in 0.022025 seconds
  Import took 0.027144 seconds .

========================================================================
Received Prepare
Registering precompiled user dll's ...
Registered in 0.005410 seconds.
Begin MonoManager ReloadAssembly
Native extension for WindowsStandalone target not found
Native extension for WebGL target not found
Refreshing native plugins compatible for Editor in 0.61 ms, found 3 plugins.
Preloading 0 native plugins for Editor in 0.00 ms.
Invoked RoslynAnalysisRunner static constructor.
RoslynAnalysisRunner will not be running.
RoslynAnalysisRunner has terminated.
Mono: successfully reloaded assembly
- Completed reload, in  1.336 seconds
Platform modules already initialized, skipping
Shader 'Universal Render Pipeline/Particles/Lit': fallback shader 'Universal Render Pipeline/Particles/SimpleLit' not found
Refreshing native plugins compatible for Editor in 0.57 ms, found 3 plugins.
Preloading 0 native plugins for Editor in 0.00 ms.
Unloading 2431 Unused Serialized files (Serialized files now loaded: 0)
System memory in use before: 132.0 MB.
System memory in use after: 132.2 MB.

Unloading 14 unused Assets to reduce memory usage. Loaded Objects now: 3279.
Total: 3.018100 ms (FindLiveObjects: 0.355200 ms CreateObjectMapping: 0.155500 ms MarkObjects: 2.480300 ms  DeleteObjects: 0.025900 ms)

========================================================================
Received Import Request.
  Time since last request: 122.676326 seconds.
  path: Assets/Material/New Material.mat
  artifactKey: Guid(a9dcde766b668364d858005e72a35f8d) Importer(815301076,1909f56bfc062723c751e8b465ee728b)
Start importing Assets/Material/New Material.mat using Guid(a9dcde766b668364d858005e72a35f8d) Importer(815301076,1909f56bfc062723c751e8b465ee728b)  -> (artifact id: '0b19e8fd9a6e09c2c59f42c6953df54c') in 0.263931 seconds
  Import took 0.270100 seconds .

========================================================================
Received Import Request.
  Time since last request: 81.655566 seconds.
  path: Assets/Material/FloorMaterial.mat
  artifactKey: Guid(587df14d29fc69446a0bdc9fb6b7ee5c) Importer(815301076,1909f56bfc062723c751e8b465ee728b)
Start importing Assets/Material/FloorMaterial.mat using Guid(587df14d29fc69446a0bdc9fb6b7ee5c) Importer(815301076,1909f56bfc062723c751e8b465ee728b)  -> (artifact id: '25541891538221eda42b5fbcfbda9d9c') in 0.017189 seconds
  Import took 0.023034 seconds .

========================================================================
Received Import Request.
  Time since last request: 0.000312 seconds.
  path: Assets/Material/RingMaterial.mat
  artifactKey: Guid(a9dcde766b668364d858005e72a35f8d) Importer(815301076,1909f56bfc062723c751e8b465ee728b)
Start importing Assets/Material/RingMaterial.mat using Guid(a9dcde766b668364d858005e72a35f8d) Importer(815301076,1909f56bfc062723c751e8b465ee728b)  -> (artifact id: 'f0183ec612e9e60f9e5e94e3b7bd9a48') in 0.031782 seconds
  Import took 0.037280 seconds .

========================================================================
Received Import Request.
  Time since last request: 0.000315 seconds.
  path: Assets/Material/RingMaterial 1.mat
  artifactKey: Guid(a37913566c4a35d44a1d4f383c9f71bb) Importer(815301076,1909f56bfc062723c751e8b465ee728b)
Start importing Assets/Material/RingMaterial 1.mat using Guid(a37913566c4a35d44a1d4f383c9f71bb) Importer(815301076,1909f56bfc062723c751e8b465ee728b)  -> (artifact id: 'df344358a1f31680db4604eda62dc841') in 0.022831 seconds
  Import took 0.028465 seconds .

========================================================================
Received Import Request.
  Time since last request: 0.000355 seconds.
  path: Assets/Material/ParticleMaterial.mat
  artifactKey: Guid(e8682178dc106874c8d0ac6889d63783) Importer(815301076,1909f56bfc062723c751e8b465ee728b)
Start importing Assets/Material/ParticleMaterial.mat using Guid(e8682178dc106874c8d0ac6889d63783) Importer(815301076,1909f56bfc062723c751e8b465ee728b)  -> (artifact id: 'c8b0154860207b6dae4e7d9d8b19817d') in 0.025644 seconds
  Import took 0.030971 seconds .

========================================================================
Received Import Request.
  Time since last request: 67.032998 seconds.
  path: Assets/Material/RingMaterial 1.mat
  artifactKey: Guid(a37913566c4a35d44a1d4f383c9f71bb) Importer(815301076,1909f56bfc062723c751e8b465ee728b)
Start importing Assets/Material/RingMaterial 1.mat using Guid(a37913566c4a35d44a1d4f383c9f71bb) Importer(815301076,1909f56bfc062723c751e8b465ee728b)  -> (artifact id: '15b7d6e23f075e9ba6a8f84e93906760') in 0.019153 seconds
  Import took 0.024587 seconds .

========================================================================
Received Import Request.
  Time since last request: 0.000279 seconds.
  path: Assets/Material/RingYellowMaterial.mat
  artifactKey: Guid(a9dcde766b668364d858005e72a35f8d) Importer(815301076,1909f56bfc062723c751e8b465ee728b)
Start importing Assets/Material/RingYellowMaterial.mat using Guid(a9dcde766b668364d858005e72a35f8d) Importer(815301076,1909f56bfc062723c751e8b465ee728b)  -> (artifact id: '97fe4563fcb8e188a98f5e041d58f8f0') in 0.024047 seconds
  Import took 0.030167 seconds .

========================================================================
Received Import Request.
  Time since last request: 0.000234 seconds.
  path: Assets/Material/RingRedMaterial.mat
  artifactKey: Guid(34e8c1414065fa442b045f728103dc2c) Importer(815301076,1909f56bfc062723c751e8b465ee728b)
Start importing Assets/Material/RingRedMaterial.mat using Guid(34e8c1414065fa442b045f728103dc2c) Importer(815301076,1909f56bfc062723c751e8b465ee728b)  -> (artifact id: '4bdae0bdc4ce61a1c82223de8d44af40') in 0.026782 seconds
  Import took 0.032509 seconds .

========================================================================
Received Prepare
Registering precompiled user dll's ...
Registered in 0.004392 seconds.
Begin MonoManager ReloadAssembly
Native extension for WindowsStandalone target not found
Native extension for WebGL target not found
Refreshing native plugins compatible for Editor in 0.58 ms, found 3 plugins.
Preloading 0 native plugins for Editor in 0.00 ms.
Invoked RoslynAnalysisRunner static constructor.
RoslynAnalysisRunner will not be running.
RoslynAnalysisRunner has terminated.
Mono: successfully reloaded assembly
- Completed reload, in  1.364 seconds
Platform modules already initialized, skipping
Shader 'Universal Render Pipeline/Particles/Lit': fallback shader 'Universal Render Pipeline/Particles/SimpleLit' not found
Refreshing native plugins compatible for Editor in 0.55 ms, found 3 plugins.
Preloading 0 native plugins for Editor in 0.00 ms.
Unloading 2431 Unused Serialized files (Serialized files now loaded: 0)
System memory in use before: 132.0 MB.
System memory in use after: 132.3 MB.

Unloading 14 unused Assets to reduce memory usage. Loaded Objects now: 3317.
Total: 3.523400 ms (FindLiveObjects: 0.491700 ms CreateObjectMapping: 0.200500 ms MarkObjects: 2.803600 ms  DeleteObjects: 0.026200 ms)

========================================================================
Received Prepare
Registering precompiled user dll's ...
Registered in 0.004577 seconds.
Begin MonoManager ReloadAssembly
Native extension for WindowsStandalone target not found
Native extension for WebGL target not found
Refreshing native plugins compatible for Editor in 0.56 ms, found 3 plugins.
Preloading 0 native plugins for Editor in 0.00 ms.
Invoked RoslynAnalysisRunner static constructor.
RoslynAnalysisRunner will not be running.
RoslynAnalysisRunner has terminated.
Mono: successfully reloaded assembly
- Completed reload, in  1.202 seconds
Platform modules already initialized, skipping
Shader 'Universal Render Pipeline/Particles/Lit': fallback shader 'Universal Render Pipeline/Particles/SimpleLit' not found
Refreshing native plugins compatible for Editor in 0.55 ms, found 3 plugins.
Preloading 0 native plugins for Editor in 0.00 ms.
Unloading 2431 Unused Serialized files (Serialized files now loaded: 0)
System memory in use before: 132.1 MB.
System memory in use after: 132.4 MB.

Unloading 14 unused Assets to reduce memory usage. Loaded Objects now: 3319.
Total: 3.284200 ms (FindLiveObjects: 0.426900 ms CreateObjectMapping: 0.156800 ms MarkObjects: 2.673900 ms  DeleteObjects: 0.025000 ms)

========================================================================
Received Prepare
Shader 'Universal Render Pipeline/Particles/Lit': fallback shader 'Universal Render Pipeline/Particles/SimpleLit' not found
Refreshing native plugins compatible for Editor in 8.40 ms, found 3 plugins.
Preloading 0 native plugins for Editor in 0.00 ms.
Unloading 12 Unused Serialized files (Serialized files now loaded: 0)
System memory in use before: 84.4 MB.
System memory in use after: 84.6 MB.

Unloading 12 unused Assets to reduce memory usage. Loaded Objects now: 3319.
Total: 5.337500 ms (FindLiveObjects: 0.443400 ms CreateObjectMapping: 0.187600 ms MarkObjects: 4.666700 ms  DeleteObjects: 0.037300 ms)

========================================================================
Received Prepare
Shader 'Universal Render Pipeline/Particles/Lit': fallback shader 'Universal Render Pipeline/Particles/SimpleLit' not found
Refreshing native plugins compatible for Editor in 5.54 ms, found 3 plugins.
Preloading 0 native plugins for Editor in 0.00 ms.
Unloading 12 Unused Serialized files (Serialized files now loaded: 0)
System memory in use before: 84.8 MB.
System memory in use after: 85.0 MB.

Unloading 12 unused Assets to reduce memory usage. Loaded Objects now: 3319.
Total: 3.229300 ms (FindLiveObjects: 0.426500 ms CreateObjectMapping: 0.156500 ms MarkObjects: 2.616400 ms  DeleteObjects: 0.027900 ms)

========================================================================
Received Prepare
Registering precompiled user dll's ...
Registered in 0.005151 seconds.
Begin MonoManager ReloadAssembly
Native extension for WindowsStandalone target not found
Native extension for WebGL target not found
Refreshing native plugins compatible for Editor in 1.17 ms, found 3 plugins.
Preloading 0 native plugins for Editor in 0.00 ms.
Invoked RoslynAnalysisRunner static constructor.
RoslynAnalysisRunner will not be running.
RoslynAnalysisRunner has terminated.
Mono: successfully reloaded assembly
- Completed reload, in  1.714 seconds
Platform modules already initialized, skipping
Shader 'Universal Render Pipeline/Particles/Lit': fallback shader 'Universal Render Pipeline/Particles/SimpleLit' not found
Refreshing native plugins compatible for Editor in 0.58 ms, found 3 plugins.
Preloading 0 native plugins for Editor in 0.00 ms.
Unloading 2431 Unused Serialized files (Serialized files now loaded: 0)
System memory in use before: 132.6 MB.
System memory in use after: 132.8 MB.

Unloading 14 unused Assets to reduce memory usage. Loaded Objects now: 3321.
Total: 4.124300 ms (FindLiveObjects: 0.351200 ms CreateObjectMapping: 0.173300 ms MarkObjects: 3.549600 ms  DeleteObjects: 0.048500 ms)

========================================================================
Received Prepare
Shader 'Universal Render Pipeline/Particles/Lit': fallback shader 'Universal Render Pipeline/Particles/SimpleLit' not found
Refreshing native plugins compatible for Editor in 7.57 ms, found 3 plugins.
Preloading 0 native plugins for Editor in 0.00 ms.
Unloading 12 Unused Serialized files (Serialized files now loaded: 0)
System memory in use before: 84.8 MB.
System memory in use after: 85.1 MB.

Unloading 12 unused Assets to reduce memory usage. Loaded Objects now: 3321.
Total: 4.432600 ms (FindLiveObjects: 0.434000 ms CreateObjectMapping: 0.193800 ms MarkObjects: 3.766300 ms  DeleteObjects: 0.035900 ms)

========================================================================
Received Prepare
Shader 'Universal Render Pipeline/Particles/Lit': fallback shader 'Universal Render Pipeline/Particles/SimpleLit' not found
Refreshing native plugins compatible for Editor in 30.15 ms, found 3 plugins.
Preloading 0 native plugins for Editor in 0.00 ms.
Unloading 12 Unused Serialized files (Serialized files now loaded: 0)
System memory in use before: 84.8 MB.
System memory in use after: 85.1 MB.

Unloading 12 unused Assets to reduce memory usage. Loaded Objects now: 3321.
Total: 6.475100 ms (FindLiveObjects: 1.058400 ms CreateObjectMapping: 0.443000 ms MarkObjects: 4.938500 ms  DeleteObjects: 0.031700 ms)

========================================================================
Received Prepare
Shader 'Universal Render Pipeline/Particles/Lit': fallback shader 'Universal Render Pipeline/Particles/SimpleLit' not found
Refreshing native plugins compatible for Editor in 6.97 ms, found 3 plugins.
Preloading 0 native plugins for Editor in 0.00 ms.
Unloading 12 Unused Serialized files (Serialized files now loaded: 0)
System memory in use before: 84.8 MB.
System memory in use after: 85.1 MB.

Unloading 12 unused Assets to reduce memory usage. Loaded Objects now: 3321.
Total: 4.709700 ms (FindLiveObjects: 0.479600 ms CreateObjectMapping: 0.247000 ms MarkObjects: 3.953100 ms  DeleteObjects: 0.027700 ms)

========================================================================
Received Prepare
Registering precompiled user dll's ...
Registered in 0.005697 seconds.
Begin MonoManager ReloadAssembly
Native extension for WindowsStandalone target not found
Native extension for WebGL target not found
Refreshing native plugins compatible for Editor in 0.56 ms, found 3 plugins.
Preloading 0 native plugins for Editor in 0.00 ms.
Invoked RoslynAnalysisRunner static constructor.
RoslynAnalysisRunner will not be running.
RoslynAnalysisRunner has terminated.
Mono: successfully reloaded assembly
- Completed reload, in  1.353 seconds
Platform modules already initialized, skipping
Shader 'Universal Render Pipeline/Particles/Lit': fallback shader 'Universal Render Pipeline/Particles/SimpleLit' not found
Refreshing native plugins compatible for Editor in 0.57 ms, found 3 plugins.
Preloading 0 native plugins for Editor in 0.00 ms.
Unloading 2431 Unused Serialized files (Serialized files now loaded: 0)
System memory in use before: 132.6 MB.
System memory in use after: 132.8 MB.

Unloading 14 unused Assets to reduce memory usage. Loaded Objects now: 3323.
Total: 3.146800 ms (FindLiveObjects: 0.336700 ms CreateObjectMapping: 0.141400 ms MarkObjects: 2.643900 ms  DeleteObjects: 0.023800 ms)

========================================================================
Received Prepare
Shader 'Universal Render Pipeline/Particles/Lit': fallback shader 'Universal Render Pipeline/Particles/SimpleLit' not found
Refreshing native plugins compatible for Editor in 5.57 ms, found 3 plugins.
Preloading 0 native plugins for Editor in 0.00 ms.
Unloading 12 Unused Serialized files (Serialized files now loaded: 0)
System memory in use before: 84.8 MB.
System memory in use after: 85.1 MB.

Unloading 12 unused Assets to reduce memory usage. Loaded Objects now: 3323.
Total: 3.142100 ms (FindLiveObjects: 0.335500 ms CreateObjectMapping: 0.140100 ms MarkObjects: 2.643700 ms  DeleteObjects: 0.021500 ms)

========================================================================
Received Prepare
Registering precompiled user dll's ...
Registered in 0.004248 seconds.
Begin MonoManager ReloadAssembly
Native extension for WindowsStandalone target not found
Native extension for WebGL target not found
Refreshing native plugins compatible for Editor in 0.55 ms, found 3 plugins.
Preloading 0 native plugins for Editor in 0.00 ms.
Invoked RoslynAnalysisRunner static constructor.
RoslynAnalysisRunner will not be running.
RoslynAnalysisRunner has terminated.
Mono: successfully reloaded assembly
- Completed reload, in  1.352 seconds
Platform modules already initialized, skipping
Shader 'Universal Render Pipeline/Particles/Lit': fallback shader 'Universal Render Pipeline/Particles/SimpleLit' not found
Refreshing native plugins compatible for Editor in 0.60 ms, found 3 plugins.
Preloading 0 native plugins for Editor in 0.00 ms.
Unloading 2431 Unused Serialized files (Serialized files now loaded: 0)
System memory in use before: 132.6 MB.
System memory in use after: 132.8 MB.

Unloading 14 unused Assets to reduce memory usage. Loaded Objects now: 3325.
Total: 4.457600 ms (FindLiveObjects: 0.413000 ms CreateObjectMapping: 0.153400 ms MarkObjects: 3.863500 ms  DeleteObjects: 0.026200 ms)

========================================================================
Received Prepare
Shader 'Universal Render Pipeline/Particles/Lit': fallback shader 'Universal Render Pipeline/Particles/SimpleLit' not found
Refreshing native plugins compatible for Editor in 6.03 ms, found 3 plugins.
Preloading 0 native plugins for Editor in 0.00 ms.
Unloading 12 Unused Serialized files (Serialized files now loaded: 0)
System memory in use before: 84.8 MB.
System memory in use after: 85.1 MB.

Unloading 12 unused Assets to reduce memory usage. Loaded Objects now: 3325.
Total: 3.226200 ms (FindLiveObjects: 0.375300 ms CreateObjectMapping: 0.235700 ms MarkObjects: 2.592200 ms  DeleteObjects: 0.021800 ms)

========================================================================
Received Prepare
Shader 'Universal Render Pipeline/Particles/Lit': fallback shader 'Universal Render Pipeline/Particles/SimpleLit' not found
Refreshing native plugins compatible for Editor in 5.35 ms, found 3 plugins.
Preloading 0 native plugins for Editor in 0.00 ms.
Unloading 12 Unused Serialized files (Serialized files now loaded: 0)
System memory in use before: 84.8 MB.
System memory in use after: 85.1 MB.

Unloading 12 unused Assets to reduce memory usage. Loaded Objects now: 3325.
Total: 5.202700 ms (FindLiveObjects: 0.659900 ms CreateObjectMapping: 0.245100 ms MarkObjects: 4.261200 ms  DeleteObjects: 0.034700 ms)

========================================================================
Received Prepare
Shader 'Universal Render Pipeline/Particles/Lit': fallback shader 'Universal Render Pipeline/Particles/SimpleLit' not found
Refreshing native plugins compatible for Editor in 6.49 ms, found 3 plugins.
Preloading 0 native plugins for Editor in 0.00 ms.
Unloading 12 Unused Serialized files (Serialized files now loaded: 0)
System memory in use before: 84.8 MB.
System memory in use after: 85.1 MB.

Unloading 12 unused Assets to reduce memory usage. Loaded Objects now: 3325.
Total: 4.008400 ms (FindLiveObjects: 0.351000 ms CreateObjectMapping: 0.151400 ms MarkObjects: 3.483300 ms  DeleteObjects: 0.021600 ms)

AssetImportWorkerClient::OnTransportError - code=2 error=End of file
